<?xml version="1.0" encoding="UTF-8"?>
<!-- Generated by org.testng.reporters.JUnitReportReporter -->
<testsuite hostname="DESKTOP-ETV6F6R" failures="0" tests="1" name="first.abc" time="88.868" errors="0" timestamp="2024-05-08T06:55:19 GMT-07:00" skipped="0">
  <testcase classname="first.abc" name="test" time="88.868"/>
  <system-out/>
</testsuite> <!-- first.abc -->
